{
  "RSpec": {
    "coverage": {
      "/Users/bmt/Makers/week10/Bank-tech-test/spec/account_spec.rb": [
        1,
        null,
        1,
        null,
        1,
        1,
        1,
        null,
        null,
        null,
        1,
        null,
        1,
        1,
        null,
        null,
        1,
        2,
        null,
        null,
        1,
        2,
        null,
        null,
        1,
        null,
        null,
        1,
        1,
        1,
        1,
        1,
        null,
        null,
        null,
        null,
        null,
        1,
        null,
        1,
        null,
        1,
        1,
        1,
        1,
        null,
        null,
        1,
        1,
        1,
        1,
        null,
        1,
        null,
        null,
        null,
        null,
        null,
        null,
        null
      ],
      "/Users/bmt/Makers/week10/Bank-tech-test/lib/account.rb": [
        1,
        null,
        null,
        1,
        6,
        null,
        null,
        null,
        1,
        9,
        7,
        null,
        null,
        null,
        1,
        3,
        3,
        6,
        null,
        3,
        null,
        null,
        null,
        null,
        null,
        1,
        6,
        6,
        null,
        null,
        null,
        1,
        9,
        21,
        9,
        null,
        null,
        null,
        1,
        12,
        null,
        null,
        null,
        1,
        9,
        8,
        null,
        null,
        null,
        1,
        8,
        5,
        null,
        3,
        null,
        null,
        null,
        null,
        1,
        null,
        null
      ],
      "/Users/bmt/Makers/week10/Bank-tech-test/spec/statement_spec.rb": [
        1,
        1,
        null,
        1,
        null,
        null,
        null,
        null,
        null,
        null,
        1,
        null,
        1,
        null,
        1,
        1,
        1,
        null,
        1,
        null,
        1,
        null,
        1,
        1,
        null,
        1,
        null,
        1,
        null,
        null,
        null,
        null,
        null
      ],
      "/Users/bmt/Makers/week10/Bank-tech-test/lib/statement.rb": [
        1,
        null,
        null,
        1,
        null,
        null,
        1,
        1,
        1,
        null,
        null,
        null,
        1,
        1,
        1,
        null,
        null,
        null,
        null,
        1,
        1,
        4,
        1,
        null,
        null,
        null,
        1,
        5,
        1,
        null,
        null,
        null,
        1,
        null,
        null,
        null,
        3,
        null,
        null,
        null,
        1,
        3,
        null,
        null,
        null,
        1,
        9,
        null,
        null,
        null,
        1,
        null,
        null
      ],
      "/Users/bmt/Makers/week10/Bank-tech-test/spec/transaction_spec.rb": [
        1,
        1,
        null,
        null,
        1,
        null,
        1,
        1,
        1,
        null,
        null,
        null,
        1,
        null,
        1,
        2,
        null,
        null,
        1,
        1,
        1,
        null,
        null,
        1,
        1,
        1,
        null,
        null,
        1,
        null,
        null,
        null,
        null,
        null,
        1,
        null,
        1,
        null,
        1,
        1,
        null,
        null,
        1,
        1,
        null,
        null,
        1,
        1,
        null,
        null,
        null,
        null,
        1,
        null,
        1,
        1,
        1,
        null,
        null,
        1,
        null,
        1,
        1,
        null,
        1,
        1,
        null,
        null,
        null,
        null,
        null,
        null,
        null,
        null
      ],
      "/Users/bmt/Makers/week10/Bank-tech-test/lib/transaction.rb": [
        1,
        1,
        null,
        1,
        5,
        4,
        4,
        4,
        null,
        null,
        null,
        1,
        22,
        null,
        null,
        null,
        1,
        8,
        null,
        null,
        null,
        1,
        0,
        null,
        null,
        null,
        1,
        0,
        null,
        null,
        null
      ]
    },
    "timestamp": 1532000534
  }
}
