{
  "RSpec": {
    "coverage": {
      "/Users/bmt/Makers/week10/Bank-tech-test/spec/account_spec.rb": [
        1,
        null,
        1,
        null,
        1,
        null,
        1,
        null,
        null,
        1,
        null,
        null,
        1,
        null,
        null,
        1,
        null,
        null,
        1,
        null,
        null,
        1,
        null,
        null,
        null,
        null,
        null,
        1,
        null,
        1,
        null,
        1,
        null,
        null,
        1,
        null,
        null,
        null,
        null,
        null,
        null,
        null,
        null,
        null
      ],
      "/Users/bmt/Makers/week10/Bank-tech-test/lib/account.rb": [
        1,
        null,
        null
      ],
      "/Users/bmt/Makers/week10/Bank-tech-test/spec/statement_spec.rb": [
        1,
        1,
        null,
        1,
        null,
        null,
        null,
        null,
        null,
        null,
        1,
        1,
        1,
        null,
        1,
        null,
        null,
        null,
        null,
        1,
        null,
        1,
        null,
        1,
        null,
        1,
        1,
        null,
        2,
        null,
        null,
        null,
        null,
        null,
        1,
        null,
        1,
        null,
        null,
        null,
        null,
        null,
        null,
        null,
        null
      ],
      "/Users/bmt/Makers/week10/Bank-tech-test/lib/statement.rb": [
        1,
        null,
        null,
        1,
        null,
        null,
        1,
        0,
        0,
        0,
        null,
        null,
        null
      ],
      "/Users/bmt/Makers/week10/Bank-tech-test/spec/transaction_spec.rb": [
        1,
        null,
        null,
        1,
        null,
        null,
        1,
        null,
        1,
        null,
        null,
        1,
        null,
        null,
        1,
        null,
        null,
        1,
        null,
        null,
        null,
        null,
        null,
        1,
        null,
        1,
        null,
        1,
        null,
        null,
        1,
        null,
        null,
        1,
        null,
        null,
        null,
        null,
        1,
        null,
        1,
        null,
        null,
        1,
        null,
        null,
        1,
        null,
        null,
        null,
        null,
        null,
        null,
        null,
        null
      ],
      "/Users/bmt/Makers/week10/Bank-tech-test/lib/transaction.rb": [
        1,
        null,
        null
      ]
    },
    "timestamp": 1531991557
  }
}
